<?xml version="1.0" encoding="UTF-8"?>
<testsuite name="br.com.app.clientes.ClientesApplicationTests" tests="1" skipped="0" failures="0" errors="0" timestamp="2019-02-27T19:14:25" hostname="prates-ubuntu" time="0.065">
  <properties/>
  <testcase name="contextLoads" classname="br.com.app.clientes.ClientesApplicationTests" time="0.065"/>
  <system-out><![CDATA[16:14:18.157 [Test worker] DEBUG org.springframework.test.context.junit4.SpringJUnit4ClassRunner - SpringJUnit4ClassRunner constructor called with [class br.com.app.clientes.ClientesApplicationTests]
16:14:18.170 [Test worker] DEBUG org.springframework.test.context.BootstrapUtils - Instantiating CacheAwareContextLoaderDelegate from class [org.springframework.test.context.cache.DefaultCacheAwareContextLoaderDelegate]
16:14:18.178 [Test worker] DEBUG org.springframework.test.context.BootstrapUtils - Instantiating BootstrapContext using constructor [public org.springframework.test.context.support.DefaultBootstrapContext(java.lang.Class,org.springframework.test.context.CacheAwareContextLoaderDelegate)]
16:14:18.201 [Test worker] DEBUG org.springframework.test.context.BootstrapUtils - Instantiating TestContextBootstrapper for test class [br.com.app.clientes.ClientesApplicationTests] from class [org.springframework.boot.test.context.SpringBootTestContextBootstrapper]
16:14:18.214 [Test worker] INFO org.springframework.boot.test.context.SpringBootTestContextBootstrapper - Neither @ContextConfiguration nor @ContextHierarchy found for test class [br.com.app.clientes.ClientesApplicationTests], using SpringBootContextLoader
16:14:18.218 [Test worker] DEBUG org.springframework.test.context.support.AbstractContextLoader - Did not detect default resource location for test class [br.com.app.clientes.ClientesApplicationTests]: class path resource [br/com/app/clientes/ClientesApplicationTests-context.xml] does not exist
16:14:18.219 [Test worker] DEBUG org.springframework.test.context.support.AbstractContextLoader - Did not detect default resource location for test class [br.com.app.clientes.ClientesApplicationTests]: class path resource [br/com/app/clientes/ClientesApplicationTestsContext.groovy] does not exist
16:14:18.219 [Test worker] INFO org.springframework.test.context.support.AbstractContextLoader - Could not detect default resource locations for test class [br.com.app.clientes.ClientesApplicationTests]: no resource found for suffixes {-context.xml, Context.groovy}.
16:14:18.220 [Test worker] INFO org.springframework.test.context.support.AnnotationConfigContextLoaderUtils - Could not detect default configuration classes for test class [br.com.app.clientes.ClientesApplicationTests]: ClientesApplicationTests does not declare any static, non-private, non-final, nested classes annotated with @Configuration.
16:14:18.268 [Test worker] DEBUG org.springframework.test.context.support.ActiveProfilesUtils - Could not find an 'annotation declaring class' for annotation type [org.springframework.test.context.ActiveProfiles] and class [br.com.app.clientes.ClientesApplicationTests]
16:14:18.359 [Test worker] DEBUG org.springframework.context.annotation.ClassPathScanningCandidateComponentProvider - Identified candidate component class: file [/home/rodrigocprates/dev/Workspace/springboot-rest-aula1/build/classes/java/main/br/com/app/clientes/ClientesApplication.class]
16:14:18.360 [Test worker] INFO org.springframework.boot.test.context.SpringBootTestContextBootstrapper - Found @SpringBootConfiguration br.com.app.clientes.ClientesApplication for test class br.com.app.clientes.ClientesApplicationTests
16:14:18.466 [Test worker] DEBUG org.springframework.boot.test.context.SpringBootTestContextBootstrapper - @TestExecutionListeners is not present for class [br.com.app.clientes.ClientesApplicationTests]: using defaults.
16:14:18.467 [Test worker] INFO org.springframework.boot.test.context.SpringBootTestContextBootstrapper - Loaded default TestExecutionListener class names from location [META-INF/spring.factories]: [org.springframework.boot.test.autoconfigure.restdocs.RestDocsTestExecutionListener, org.springframework.boot.test.autoconfigure.web.client.MockRestServiceServerResetTestExecutionListener, org.springframework.boot.test.autoconfigure.web.servlet.MockMvcPrintOnlyOnFailureTestExecutionListener, org.springframework.boot.test.autoconfigure.web.servlet.WebDriverTestExecutionListener, org.springframework.boot.test.mock.mockito.MockitoTestExecutionListener, org.springframework.boot.test.mock.mockito.ResetMocksTestExecutionListener, org.springframework.test.context.web.ServletTestExecutionListener, org.springframework.test.context.support.DirtiesContextBeforeModesTestExecutionListener, org.springframework.test.context.support.DependencyInjectionTestExecutionListener, org.springframework.test.context.support.DirtiesContextTestExecutionListener, org.springframework.test.context.transaction.TransactionalTestExecutionListener, org.springframework.test.context.jdbc.SqlScriptsTestExecutionListener]
16:14:18.487 [Test worker] INFO org.springframework.boot.test.context.SpringBootTestContextBootstrapper - Using TestExecutionListeners: [org.springframework.test.context.web.ServletTestExecutionListener@6fe07633, org.springframework.test.context.support.DirtiesContextBeforeModesTestExecutionListener@2bc63796, org.springframework.boot.test.mock.mockito.MockitoTestExecutionListener@4fce660d, org.springframework.boot.test.autoconfigure.SpringBootDependencyInjectionTestExecutionListener@21842909, org.springframework.test.context.support.DirtiesContextTestExecutionListener@4d3982e4, org.springframework.test.context.transaction.TransactionalTestExecutionListener@57d97652, org.springframework.test.context.jdbc.SqlScriptsTestExecutionListener@6b1b9caa, org.springframework.boot.test.autoconfigure.restdocs.RestDocsTestExecutionListener@6b572ca1, org.springframework.boot.test.autoconfigure.web.client.MockRestServiceServerResetTestExecutionListener@6af8ad8d, org.springframework.boot.test.autoconfigure.web.servlet.MockMvcPrintOnlyOnFailureTestExecutionListener@768f3d66, org.springframework.boot.test.autoconfigure.web.servlet.WebDriverTestExecutionListener@414611d1, org.springframework.boot.test.mock.mockito.ResetMocksTestExecutionListener@13a61f7c]
16:14:18.490 [Test worker] DEBUG org.springframework.test.annotation.ProfileValueUtils - Retrieved @ProfileValueSourceConfiguration [null] for test class [br.com.app.clientes.ClientesApplicationTests]
16:14:18.491 [Test worker] DEBUG org.springframework.test.annotation.ProfileValueUtils - Retrieved ProfileValueSource type [class org.springframework.test.annotation.SystemProfileValueSource] for class [br.com.app.clientes.ClientesApplicationTests]
16:14:18.492 [Test worker] DEBUG org.springframework.test.annotation.ProfileValueUtils - Retrieved @ProfileValueSourceConfiguration [null] for test class [br.com.app.clientes.ClientesApplicationTests]
16:14:18.492 [Test worker] DEBUG org.springframework.test.annotation.ProfileValueUtils - Retrieved ProfileValueSource type [class org.springframework.test.annotation.SystemProfileValueSource] for class [br.com.app.clientes.ClientesApplicationTests]
16:14:18.499 [Test worker] DEBUG org.springframework.test.context.support.AbstractDirtiesContextTestExecutionListener - Before test class: context [DefaultTestContext@672879ba testClass = ClientesApplicationTests, testInstance = [null], testMethod = [null], testException = [null], mergedContextConfiguration = [WebMergedContextConfiguration@61b02e04 testClass = ClientesApplicationTests, locations = '{}', classes = '{class br.com.app.clientes.ClientesApplication}', contextInitializerClasses = '[]', activeProfiles = '{}', propertySourceLocations = '{}', propertySourceProperties = '{org.springframework.boot.test.context.SpringBootTestContextBootstrapper=true}', contextCustomizers = set[org.springframework.boot.test.autoconfigure.properties.PropertyMappingContextCustomizer@0, org.springframework.boot.test.autoconfigure.web.servlet.WebDriverContextCustomizerFactory$Customizer@1547cc64, org.springframework.boot.test.context.filter.ExcludeFilterContextCustomizer@688e33ae, org.springframework.boot.test.json.DuplicateJsonObjectContextCustomizerFactory$DuplicateJsonObjectContextCustomizer@4f146b17, org.springframework.boot.test.mock.mockito.MockitoContextCustomizer@0, org.springframework.boot.test.web.client.TestRestTemplateContextCustomizer@63985a4d], resourceBasePath = 'src/main/webapp', contextLoader = 'org.springframework.boot.test.context.SpringBootContextLoader', parent = [null]], attributes = map['org.springframework.test.context.web.ServletTestExecutionListener.activateListener' -> true]], class annotated with @DirtiesContext [false] with mode [null].
16:14:18.500 [Test worker] DEBUG org.springframework.test.annotation.ProfileValueUtils - Retrieved @ProfileValueSourceConfiguration [null] for test class [br.com.app.clientes.ClientesApplicationTests]
16:14:18.500 [Test worker] DEBUG org.springframework.test.annotation.ProfileValueUtils - Retrieved ProfileValueSource type [class org.springframework.test.annotation.SystemProfileValueSource] for class [br.com.app.clientes.ClientesApplicationTests]
16:14:18.521 [Test worker] DEBUG org.springframework.test.context.support.TestPropertySourceUtils - Adding inlined properties to environment: {spring.jmx.enabled=false, org.springframework.boot.test.context.SpringBootTestContextBootstrapper=true, server.port=-1}

  .   ____          _            __ _ _
 /\\ / ___'_ __ _ _(_)_ __  __ _ \ \ \ \
( ( )\___ | '_ | '_| | '_ \/ _` | \ \ \ \
 \\/  ___)| |_)| | | | | || (_| |  ) ) ) )
  '  |____| .__|_| |_|_| |_\__, | / / / /
 =========|_|==============|___/=/_/_/_/
 :: Spring Boot ::        (v2.1.3.RELEASE)

2019-02-27 16:14:18.928  INFO 19172 --- [    Test worker] b.c.a.clientes.ClientesApplicationTests  : Starting ClientesApplicationTests on prates-ubuntu with PID 19172 (started by rodrigocprates in /home/rodrigocprates/dev/Workspace/springboot-rest-aula1)
2019-02-27 16:14:18.931  INFO 19172 --- [    Test worker] b.c.a.clientes.ClientesApplicationTests  : No active profile set, falling back to default profiles: default
2019-02-27 16:14:20.289  INFO 19172 --- [    Test worker] .s.d.r.c.RepositoryConfigurationDelegate : Bootstrapping Spring Data repositories in DEFAULT mode.
2019-02-27 16:14:20.421  INFO 19172 --- [    Test worker] .s.d.r.c.RepositoryConfigurationDelegate : Finished Spring Data repository scanning in 100ms. Found 1 repository interfaces.
2019-02-27 16:14:21.064  INFO 19172 --- [    Test worker] trationDelegate$BeanPostProcessorChecker : Bean 'org.springframework.transaction.annotation.ProxyTransactionManagementConfiguration' of type [org.springframework.transaction.annotation.ProxyTransactionManagementConfiguration$$EnhancerBySpringCGLIB$$c2243ec1] is not eligible for getting processed by all BeanPostProcessors (for example: not eligible for auto-proxying)
2019-02-27 16:14:21.368  INFO 19172 --- [    Test worker] com.zaxxer.hikari.HikariDataSource       : HikariPool-1 - Starting...
2019-02-27 16:14:21.762  INFO 19172 --- [    Test worker] com.zaxxer.hikari.HikariDataSource       : HikariPool-1 - Start completed.
2019-02-27 16:14:21.923  INFO 19172 --- [    Test worker] o.hibernate.jpa.internal.util.LogHelper  : HHH000204: Processing PersistenceUnitInfo [
	name: default
	...]
2019-02-27 16:14:22.009  INFO 19172 --- [    Test worker] org.hibernate.Version                    : HHH000412: Hibernate Core {5.3.7.Final}
2019-02-27 16:14:22.011  INFO 19172 --- [    Test worker] org.hibernate.cfg.Environment            : HHH000206: hibernate.properties not found
2019-02-27 16:14:22.279  INFO 19172 --- [    Test worker] o.hibernate.annotations.common.Version   : HCANN000001: Hibernate Commons Annotations {5.0.4.Final}
2019-02-27 16:14:22.564  INFO 19172 --- [    Test worker] org.hibernate.dialect.Dialect            : HHH000400: Using dialect: org.hibernate.dialect.H2Dialect
2019-02-27 16:14:23.788  INFO 19172 --- [    Test worker] o.h.t.schema.internal.SchemaCreatorImpl  : HHH000476: Executing import script 'org.hibernate.tool.schema.internal.exec.ScriptSourceInputNonExistentImpl@473794e6'
2019-02-27 16:14:23.792  INFO 19172 --- [    Test worker] j.LocalContainerEntityManagerFactoryBean : Initialized JPA EntityManagerFactory for persistence unit 'default'
2019-02-27 16:14:25.070  INFO 19172 --- [    Test worker] o.s.s.concurrent.ThreadPoolTaskExecutor  : Initializing ExecutorService 'applicationTaskExecutor'
2019-02-27 16:14:25.140  WARN 19172 --- [    Test worker] aWebConfiguration$JpaWebMvcConfiguration : spring.jpa.open-in-view is enabled by default. Therefore, database queries may be performed during view rendering. Explicitly configure spring.jpa.open-in-view to disable this warning
2019-02-27 16:14:25.679  INFO 19172 --- [    Test worker] b.c.a.clientes.ClientesApplicationTests  : Started ClientesApplicationTests in 7.147 seconds (JVM running for 8.342)
]]></system-out>
  <system-err><![CDATA[]]></system-err>
</testsuite>
